<?xml version="1.0" encoding="UTF-8"?>
<testsuite name="unittests.ValidatorUnitTest" tests="5" skipped="0" failures="0" errors="0" timestamp="2020-06-09T04:29:15" hostname="raptor" time="0.007">
  <properties/>
  <testcase name="testStringLengthMethod" classname="unittests.ValidatorUnitTest" time="0.004"/>
  <testcase name="testI18" classname="unittests.ValidatorUnitTest" time="0.001"/>
  <testcase name="testCharMix" classname="unittests.ValidatorUnitTest" time="0.0"/>
  <testcase name="testDisplay" classname="unittests.ValidatorUnitTest" time="0.001"/>
  <testcase name="testSequence" classname="unittests.ValidatorUnitTest" time="0.0"/>
  <system-out><![CDATA[]]></system-out>
  <system-err><![CDATA[]]></system-err>
</testsuite>
